0.000000 9.777893 
0.010000 9.772099 
0.020000 9.764312 
0.030000 9.754538 
0.040000 9.742782 
0.050000 9.729051 
0.060000 9.713350 
0.070000 9.695686 
0.080000 9.676065 
0.090000 9.654493 
0.100000 9.630976 
0.110000 9.605519 
0.120000 9.578129 
0.130000 9.548813 
0.140000 9.517575 
0.150000 9.484422 
0.160000 9.449360 
0.170000 9.412396 
0.180000 9.373534 
0.190000 9.332782 
0.200000 9.290144 
0.210000 9.245628 
0.220000 9.199240 
0.230000 9.150984 
0.240000 9.100868 
0.250000 9.048897 
0.260000 8.995078 
0.270000 8.939416 
0.280000 8.881917 
0.290000 8.822588 
0.300000 8.761434 
0.310000 8.698462 
0.320000 8.633678 
0.330000 8.567087 
0.340000 8.498696 
0.350000 8.428511 
0.360000 8.356537 
0.370000 8.282781 
0.380000 8.207249 
0.390000 8.129947 
0.400000 8.050881 
0.410000 7.970056 
0.420000 7.887480 
0.430000 7.803157 
0.440000 7.717095 
0.450000 7.629299 
0.460000 7.539774 
0.470000 7.448528 
0.480000 7.355566 
0.490000 7.260894 
0.500000 7.164519 
0.510000 7.066445 
0.520000 6.966680 
0.530000 6.865230 
0.540000 6.762099 
0.550000 6.657296 
0.560000 6.550824 
0.570000 6.442691 
0.580000 6.332903 
0.590000 6.221465 
0.600000 6.108384 
0.610000 5.993665 
0.620000 5.877315 
0.630000 5.759340 
0.640000 5.639745 
0.650000 5.518537 
0.660000 5.395722 
0.670000 5.271306 
0.680000 5.145294 
0.690000 5.017694 
0.700000 4.888510 
0.710000 4.757750 
0.720000 4.625418 
0.730000 4.491522 
0.740000 4.356067 
0.750000 4.219058 
0.760000 4.080503 
0.770000 3.940407 
0.780000 3.798776 
0.790000 3.655617 
0.800000 3.510935 
0.810000 3.364736 
0.820000 3.217026 
0.830000 3.067812 
0.840000 2.917100 
0.850000 2.764894 
0.860000 2.611203 
0.870000 2.456030 
0.880000 2.299384 
0.890000 2.141269 
0.900000 1.981691 
0.910000 1.820658 
0.920000 1.658174 
0.930000 1.494246 
0.940000 1.328879 
0.950000 1.162081 
0.960000 0.993856 
0.970000 0.824211 
0.980000 0.653152 
0.990000 0.480685 
1.000000 0.306816 
1.010000 0.131551 
1.020000 -0.045104 
1.030000 -0.223143 
1.040000 -0.402559 
1.050000 -0.583348 
1.060000 -0.765502 
1.070000 -0.949016 
1.080000 -1.133884 
1.090000 -1.320099 
1.100000 -1.507656 
1.110000 -1.696549 
1.120000 -1.886771 
1.130000 -2.078317 
1.140000 -2.271181 
1.150000 -2.465355 
1.160000 -2.660836 
1.170000 -2.857615 
1.180000 -3.055689 
1.190000 -3.255049 
1.200000 -3.455691 
1.210000 -3.657608 
1.220000 -3.860794 
1.230000 -4.065243 
1.240000 -4.270950 
1.250000 -4.477907 
1.260000 -4.686110 
1.270000 -4.895552 
1.280000 -5.106227 
1.290000 -5.318129 
1.300000 -5.531251 
1.310000 -5.745589 
1.320000 -5.961136 
1.330000 -6.177885 
1.340000 -6.395831 
1.350000 -6.614968 
1.360000 -6.835290 
1.370000 -7.056790 
1.380000 -7.279463 
1.390000 -7.503303 
1.400000 -7.728303 
1.410000 -7.954458 
1.420000 -8.181762 
1.430000 -8.410208 
1.440000 -8.639790 
1.450000 -8.870503 
1.460000 -9.102340 
1.470000 -9.335295 
1.480000 -9.569363 
1.490000 -9.804537 
1.500000 -10.040812 
1.510000 -10.278180 
1.520000 -10.516637 
1.530000 -10.756176 
1.540000 -10.996791 
1.550000 -11.238476 
1.560000 -11.481225 
1.570000 -11.725032 
1.580000 -11.969891 
1.590000 -12.215796 
1.600000 -12.462741 
1.610000 -12.710719 
1.620000 -12.959726 
1.630000 -13.209754 
1.640000 -13.460798 
1.650000 -13.712852 
1.660000 -13.965909 
1.670000 -14.219964 
1.680000 -14.475011 
1.690000 -14.731043 
1.700000 -14.988055 
1.710000 -15.246040 
1.720000 -15.504993 
1.730000 -15.764907 
1.740000 -16.025777 
1.750000 -16.287596 
1.760000 -16.550358 
1.770000 -16.814058 
1.780000 -17.078689 
1.790000 -17.344245 
1.800000 -17.610720 
1.810000 -17.878109 
1.820000 -18.146404 
1.830000 -18.415601 
1.840000 -18.685692 
1.850000 -18.956673 
1.860000 -19.228537 
1.870000 -19.501277 
1.880000 -19.774889 
1.890000 -20.049365 
1.900000 -20.324700 
1.910000 -20.600888 
1.920000 -20.877923 
1.930000 -21.155798 
1.940000 -21.434509 
1.950000 -21.714047 
1.960000 -21.994409 
1.970000 -22.275587 
1.980000 -22.557576 
1.990000 -22.840369 
2.000000 -23.123960 
2.010000 -23.408344 
2.020000 -23.693515 
2.030000 -23.979466 
2.040000 -24.266191 
2.050000 -24.553684 
2.060000 -24.841940 
2.070000 -25.130952 
2.080000 -25.420714 
2.090000 -25.711221 
2.100000 -26.002465 
2.110000 -26.294442 
2.120000 -26.587144 
2.130000 -26.880567 
2.140000 -27.174704 
2.150000 -27.469548 
2.160000 -27.765095 
2.170000 -28.061337 
2.180000 -28.358269 
2.190000 -28.655885 
2.200000 -28.954179 
2.210000 -29.253145 
2.220000 -29.552776 
2.230000 -29.853067 
2.240000 -30.154012 
2.250000 -30.455604 
2.260000 -30.757838 
2.270000 -31.060707 
2.280000 -31.364206 
2.290000 -31.668328 
2.300000 -31.973068 
2.310000 -32.278419 
2.320000 -32.584375 
2.330000 -32.890931 
2.340000 -33.198080 
2.350000 -33.505816 
2.360000 -33.814134 
2.370000 -34.123027 
2.380000 -34.432488 
2.390000 -34.742513 
2.400000 -35.053095 
2.410000 -35.364228 
2.420000 -35.675906 
2.430000 -35.988123 
2.440000 -36.300873 
2.450000 -36.614150 
2.460000 -36.927948 
2.470000 -37.242260 
2.480000 -37.557082 
2.490000 -37.872406 
2.500000 -38.188227 
2.510000 -38.504538 
2.520000 -38.821334 
2.530000 -39.138609 
2.540000 -39.456356 
2.550000 -39.774570 
2.560000 -40.093245 
2.570000 -40.412373 
2.580000 -40.731951 
2.590000 -41.051970 
2.600000 -41.372426 
2.610000 -41.693313 
2.620000 -42.014624 
2.630000 -42.336352 
2.640000 -42.658494 
2.650000 -42.981041 
2.660000 -43.303989 
2.670000 -43.627330 
2.680000 -43.951060 
2.690000 -44.275172 
2.700000 -44.599660 
2.710000 -44.924517 
2.720000 -45.249739 
2.730000 -45.575319 
2.740000 -45.901250 
2.750000 -46.227528 
2.760000 -46.554145 
2.770000 -46.881096 
2.780000 -47.208374 
2.790000 -47.535975 
2.800000 -47.863891 
2.810000 -48.192116 
2.820000 -48.520646 
2.830000 -48.849473 
2.840000 -49.178591 
2.850000 -49.507995 
2.860000 -49.837678 
2.870000 -50.167635 
2.880000 -50.497859 
2.890000 -50.828344 
2.900000 -51.159085 
2.910000 -51.490075 
2.920000 -51.821308 
2.930000 -52.152779 
2.940000 -52.484480 
2.950000 -52.816407 
2.960000 -53.148553 
2.970000 -53.480912 
2.980000 -53.813478 
2.990000 -54.146245 
3.000000 -54.479207 
3.010000 -54.812358 
3.020000 -55.145691 
3.030000 -55.479202 
3.040000 -55.812883 
3.050000 -56.146729 
3.060000 -56.480734 
3.070000 -56.814892 
3.080000 -57.149196 
3.090000 -57.483641 
3.100000 -57.818221 
3.110000 -58.152929 
3.120000 -58.487760 
3.130000 -58.822707 
3.140000 -59.157764 
3.150000 -59.492927 
3.160000 -59.828187 
3.170000 -60.163540 
3.180000 -60.498979 
3.190000 -60.834498 
3.200000 -61.170092 
3.210000 -61.505754 
3.220000 -61.841478 
3.230000 -62.177258 
3.240000 -62.513089 
3.250000 -62.848963 
3.260000 -63.184876 
3.270000 -63.520820 
3.280000 -63.856791 
3.290000 -64.192781 
3.300000 -64.528785 
3.310000 -64.864798 
3.320000 -65.200812 
3.330000 -65.536821 
3.340000 -65.872821 
3.350000 -66.208804 
3.360000 -66.544765 
3.370000 -66.880698 
3.380000 -67.216596 
3.390000 -67.552454 
3.400000 -67.888265 
3.410000 -68.224024 
3.420000 -68.559725 
3.430000 -68.895361 
3.440000 -69.230926 
3.450000 -69.566414 
3.460000 -69.901820 
3.470000 -70.237138 
3.480000 -70.572360 
3.490000 -70.907482 
3.500000 -71.242497 
3.510000 -71.577399 
3.520000 -71.912182 
3.530000 -72.246841 
3.540000 -72.581368 
3.550000 -72.915758 
3.560000 -73.250006 
3.570000 -73.584104 
3.580000 -73.918047 
3.590000 -74.251830 
3.600000 -74.585445 
3.610000 -74.918886 
3.620000 -75.252149 
3.630000 -75.585226 
3.640000 -75.918112 
3.650000 -76.250801 
3.660000 -76.583286 
3.670000 -76.915562 
3.680000 -77.247623 
3.690000 -77.579462 
3.700000 -77.911073 
3.710000 -78.242451 
3.720000 -78.573590 
3.730000 -78.904483 
3.740000 -79.235124 
3.750000 -79.565507 
3.760000 -79.895627 
3.770000 -80.225477 
3.780000 -80.555051 
3.790000 -80.884343 
3.800000 -81.213348 
3.810000 -81.542059 
3.820000 -81.870469 
3.830000 -82.198574 
3.840000 -82.526367 
3.850000 -82.853841 
3.860000 -83.180992 
3.870000 -83.507813 
3.880000 -83.834297 
3.890000 -84.160439 
3.900000 -84.486233 
3.910000 -84.811673 
3.920000 -85.136752 
3.930000 -85.461465 
3.940000 -85.785806 
3.950000 -86.109769 
3.960000 -86.433347 
3.970000 -86.756534 
3.980000 -87.079325 
3.990000 -87.401714 
4.000000 -87.723694 
4.010000 -88.045259 
4.020000 -88.366404 
4.030000 -88.687122 
4.040000 -89.007407 
4.050000 -89.327254 
4.060000 -89.646655 
4.070000 -89.965606 
4.080000 -90.284100 
4.090000 -90.602132 
4.100000 -90.919694 
4.110000 -91.236782 
4.120000 -91.553388 
4.130000 -91.869507 
4.140000 -92.185134 
4.150000 -92.500261 
4.160000 -92.814883 
4.170000 -93.128994 
4.180000 -93.442588 
4.190000 -93.755658 
4.200000 -94.068200 
4.210000 -94.380206 
4.220000 -94.691670 
4.230000 -95.002587 
4.240000 -95.312951 
4.250000 -95.622756 
4.260000 -95.931995 
4.270000 -96.240662 
4.280000 -96.548752 
4.290000 -96.856258 
4.300000 -97.163175 
4.310000 -97.469496 
4.320000 -97.775215 
4.330000 -98.080327 
4.340000 -98.384824 
4.350000 -98.688702 
4.360000 -98.991954 
4.370000 -99.294575 
4.380000 -99.596557 
4.390000 -99.897896 
4.400000 -100.198584 
4.410000 -100.498617 
4.420000 -100.797987 
4.430000 -101.096689 
4.440000 -101.394718 
4.450000 -101.692066 
4.460000 -101.988728 
4.470000 -102.284697 
4.480000 -102.579969 
4.490000 -102.874536 
4.500000 -103.168393 
4.510000 -103.461533 
4.520000 -103.753951 
4.530000 -104.045641 
4.540000 -104.336596 
4.550000 -104.626811 
4.560000 -104.916279 
4.570000 -105.204995 
4.580000 -105.492952 
4.590000 -105.780144 
4.600000 -106.066566 
4.610000 -106.352211 
4.620000 -106.637073 
4.630000 -106.921146 
4.640000 -107.204425 
4.650000 -107.486902 
4.660000 -107.768573 
4.670000 -108.049431 
4.680000 -108.329470 
4.690000 -108.608684 
4.700000 -108.887067 
4.710000 -109.164613 
4.720000 -109.441316 
4.730000 -109.717169 
4.740000 -109.992168 
4.750000 -110.266305 
4.760000 -110.539575 
4.770000 -110.811972 
4.780000 -111.083489 
4.790000 -111.354121 
4.800000 -111.623862 
4.810000 -111.892705 
4.820000 -112.160645 
4.830000 -112.427675 
4.840000 -112.693790 
4.850000 -112.958983 
4.860000 -113.223249 
4.870000 -113.486581 
4.880000 -113.748973 
4.890000 -114.010420 
4.900000 -114.270915 
4.910000 -114.530452 
4.920000 -114.789026 
4.930000 -115.046629 
4.940000 -115.303257 
4.950000 -115.558903 
4.960000 -115.813560 
4.970000 -116.067224 
4.980000 -116.319888 
4.990000 -116.571546 
5.000000 -116.822191 
5.010000 -117.071819 
5.020000 -117.320422 
5.030000 -117.567995 
5.040000 -117.814532 
5.050000 -118.060027 
5.060000 -118.304473 
5.070000 -118.547866 
5.080000 -118.790197 
5.090000 -119.031463 
5.100000 -119.271655 
5.110000 -119.510770 
5.120000 -119.748800 
5.130000 -119.985739 
5.140000 -120.221582 
5.150000 -120.456322 
5.160000 -120.689953 
5.170000 -120.922470 
5.180000 -121.153866 
5.190000 -121.384135 
5.200000 -121.613272 
5.210000 -121.841270 
5.220000 -122.068123 
5.230000 -122.293824 
5.240000 -122.518369 
5.250000 -122.741752 
5.260000 -122.963965 
5.270000 -123.185003 
5.280000 -123.404859 
5.290000 -123.623529 
5.300000 -123.841006 
5.310000 -124.057283 
5.320000 -124.272356 
5.330000 -124.486217 
5.340000 -124.698861 
5.350000 -124.910281 
5.360000 -125.120472 
5.370000 -125.329428 
5.380000 -125.537142 
5.390000 -125.743609 
5.400000 -125.948822 
5.410000 -126.152776 
5.420000 -126.355464 
5.430000 -126.556881 
5.440000 -126.757020 
5.450000 -126.955875 
5.460000 -127.153440 
5.470000 -127.349710 
5.480000 -127.544678 
5.490000 -127.738339 
5.500000 -127.930685 
5.510000 -128.121712 
5.520000 -128.311412 
5.530000 -128.499781 
5.540000 -128.686812 
5.550000 -128.872498 
5.560000 -129.056835 
5.570000 -129.239815 
5.580000 -129.421434 
5.590000 -129.601684 
5.600000 -129.780560 
5.610000 -129.958055 
5.620000 -130.134165 
5.630000 -130.308882 
5.640000 -130.482201 
5.650000 -130.654115 
5.660000 -130.824619 
5.670000 -130.993707 
5.680000 -131.161372 
5.690000 -131.327609 
5.700000 -131.492411 
5.710000 -131.655772 
5.720000 -131.817687 
5.730000 -131.978149 
5.740000 -132.137153 
5.750000 -132.294692 
5.760000 -132.450760 
5.770000 -132.605351 
5.780000 -132.758459 
5.790000 -132.910079 
5.800000 -133.060203 
5.810000 -133.208827 
5.820000 -133.355943 
5.830000 -133.501547 
5.840000 -133.645632 
5.850000 -133.788191 
5.860000 -133.929220 
5.870000 -134.068711 
5.880000 -134.206659 
5.890000 -134.343058 
5.900000 -134.477901 
5.910000 -134.611184 
5.920000 -134.742899 
5.930000 -134.873040 
5.940000 -135.001603 
5.950000 -135.128579 
5.960000 -135.253965 
5.970000 -135.377752 
5.980000 -135.499937 
5.990000 -135.620511 
6.000000 -135.739470 
6.010000 -135.856808 
6.020000 -135.972518 
6.030000 -136.086594 
6.040000 -136.199030 
6.050000 -136.309821 
6.060000 -136.418959 
6.070000 -136.526440 
6.080000 -136.632257 
6.090000 -136.736404 
6.100000 -136.838875 
6.110000 -136.939664 
6.120000 -137.038765 
6.130000 -137.136172 
6.140000 -137.231879 
6.150000 -137.325880 
6.160000 -137.418168 
6.170000 -137.508738 
6.180000 -137.597585 
6.190000 -137.684700 
6.200000 -137.770080 
6.210000 -137.853717 
6.220000 -137.935606 
6.230000 -138.015740 
6.240000 -138.094114 
6.250000 -138.170721 
6.260000 -138.245556 
6.270000 -138.318613 
6.280000 -138.389884 
6.290000 -138.459365 
6.300000 -138.527050 
6.310000 -138.592932 
6.320000 -138.657004 
6.330000 -138.719263 
6.340000 -138.779700 
6.350000 -138.838311 
6.360000 -138.895088 
6.370000 -138.950027 
6.380000 -139.003121 
6.390000 -139.054364 
6.400000 -139.103750 
6.410000 -139.151272 
6.420000 -139.196926 
6.430000 -139.240704 
6.440000 -139.282602 
6.450000 -139.322612 
6.460000 -139.360729 
6.470000 -139.396947 
6.480000 -139.431259 
6.490000 -139.463660 
6.500000 -139.494144 
6.510000 -139.522704 
6.520000 -139.549335 
6.530000 -139.574030 
6.540000 -139.596784 
6.550000 -139.617590 
6.560000 -139.636443 
6.570000 -139.653336 
6.580000 -139.668264 
6.590000 -139.681220 
6.600000 -139.692198 
6.610000 -139.701192 
6.620000 -139.708196 
6.630000 -139.713205 
6.640000 -139.716212 
6.650000 -139.717211 
6.660000 -139.716196 
6.670000 -139.713161 
6.680000 -139.708100 
6.690000 -139.701007 
6.700000 -139.691875 
6.710000 -139.680700 
6.720000 -139.667475 
6.730000 -139.652193 
6.740000 -139.634849 
6.750000 -139.615437 
6.760000 -139.593951 
6.770000 -139.570384 
6.780000 -139.544731 
6.790000 -139.516986 
6.800000 -139.487142 
6.810000 -139.455194 
6.820000 -139.421135 
6.830000 -139.384960 
6.840000 -139.346662 
6.850000 -139.306235 
6.860000 -139.263674 
6.870000 -139.218972 
6.880000 -139.172124 
6.890000 -139.123123 
6.900000 -139.071963 
6.910000 -139.018638 
6.920000 -138.963142 
6.930000 -138.905469 
6.940000 -138.845614 
6.950000 -138.783569 
6.960000 -138.719330 
6.970000 -138.652889 
6.980000 -138.584242 
6.990000 -138.513381 
7.000000 -138.440302 
7.010000 -138.364997 
7.020000 -138.287460 
7.030000 -138.207687 
7.040000 -138.125670 
7.050000 -138.041404 
7.060000 -137.954883 
7.070000 -137.866100 
7.080000 -137.775050 
7.090000 -137.681727 
7.100000 -137.586124 
7.110000 -137.488235 
7.120000 -137.388055 
7.130000 -137.285577 
7.140000 -137.180796 
7.150000 -137.073705 
7.160000 -136.964298 
7.170000 -136.852570 
7.180000 -136.738514 
7.190000 -136.622124 
7.200000 -136.503394 
7.210000 -136.382318 
7.220000 -136.258890 
7.230000 -136.133105 
7.240000 -136.004955 
7.250000 -135.874436 
7.260000 -135.741540 
7.270000 -135.606262 
7.280000 -135.468597 
7.290000 -135.328537 
7.300000 -135.186077 
7.310000 -135.041210 
7.320000 -134.893932 
7.330000 -134.744235 
7.340000 -134.592113 
7.350000 -134.437562 
7.360000 -134.280574 
7.370000 -134.121143 
7.380000 -133.959264 
7.390000 -133.794931 
7.400000 -133.628137 
7.410000 -133.458876 
7.420000 -133.287143 
7.430000 -133.112931 
7.440000 -132.936235 
7.450000 -132.757048 
7.460000 -132.575364 
7.470000 -132.391177 
7.480000 -132.204481 
7.490000 -132.015271 
7.500000 -131.823540 
7.510000 -131.629281 
7.520000 -131.432490 
7.530000 -131.233160 
7.540000 -131.031285 
7.550000 -130.826858 
7.560000 -130.619875 
7.570000 -130.410328 
7.580000 -130.198213 
7.590000 -129.983522 
7.600000 -129.766250 
7.610000 -129.546390 
7.620000 -129.323937 
7.630000 -129.098885 
7.640000 -128.871228 
7.650000 -128.640959 
7.660000 -128.408072 
7.670000 -128.172562 
7.680000 -127.934423 
7.690000 -127.693648 
7.700000 -127.450231 
7.710000 -127.204167 
7.720000 -126.955449 
7.730000 -126.704071 
7.740000 -126.450028 
7.750000 -126.193313 
7.760000 -125.933920 
7.770000 -125.671843 
7.780000 -125.407077 
7.790000 -125.139614 
7.800000 -124.869449 
7.810000 -124.596577 
7.820000 -124.320990 
7.830000 -124.042684 
7.840000 -123.761651 
7.850000 -123.477886 
7.860000 -123.191383 
7.870000 -122.902136 
7.880000 -122.610139 
7.890000 -122.315385 
7.900000 -122.017869 
7.910000 -121.717585 
7.920000 -121.414526 
7.930000 -121.108687 
7.940000 -120.800061 
7.950000 -120.488643 
7.960000 -120.174427 
7.970000 -119.857406 
7.980000 -119.537574 
7.990000 -119.214926 
8.000000 -118.889455 
8.010000 -118.561155 
8.020000 -118.230021 
8.030000 -117.896046 
8.040000 -117.559224 
8.050000 -117.219549 
8.060000 -116.877015 
8.070000 -116.531617 
8.080000 -116.183347 
8.090000 -115.832201 
8.100000 -115.478172 
8.110000 -115.121253 
8.120000 -114.761440 
8.130000 -114.398725 
8.140000 -114.033103 
8.150000 -113.664568 
8.160000 -113.293114 
8.170000 -112.918734 
8.180000 -112.541424 
8.190000 -112.161175 
8.200000 -111.777984 
8.210000 -111.391843 
8.220000 -111.002747 
8.230000 -110.610689 
8.240000 -110.215664 
8.250000 -109.817665 
8.260000 -109.416687 
8.270000 -109.012723 
8.280000 -108.605767 
8.290000 -108.195814 
8.300000 -107.782857 
8.310000 -107.366890 
8.320000 -106.947908 
8.330000 -106.525903 
8.340000 -106.100871 
8.350000 -105.672805 
8.360000 -105.241699 
8.370000 -104.807547 
8.380000 -104.370343 
8.390000 -103.930081 
8.400000 -103.486755 
8.410000 -103.040359 
8.420000 -102.590887 
8.430000 -102.138332 
8.440000 -101.682689 
8.450000 -101.223953 
8.460000 -100.762115 
8.470000 -100.297172 
8.480000 -99.829116 
8.490000 -99.357942 
8.500000 -98.883643 
8.510000 -98.406214 
8.520000 -97.925648 
8.530000 -97.441940 
8.540000 -96.955084 
8.550000 -96.465072 
8.560000 -95.971901 
8.570000 -95.475562 
8.580000 -94.976051 
8.590000 -94.473361 
8.600000 -93.967486 
8.610000 -93.458420 
8.620000 -92.946158 
8.630000 -92.430693 
8.640000 -91.912019 
8.650000 -91.390130 
8.660000 -90.865019 
8.670000 -90.336682 
8.680000 -89.805112 
8.690000 -89.270303 
8.700000 -88.732249 
8.710000 -88.190943 
8.720000 -87.646380 
8.730000 -87.098554 
8.740000 -86.547459 
8.750000 -85.993089 
8.760000 -85.435437 
8.770000 -84.874497 
8.780000 -84.310265 
8.790000 -83.742733 
8.800000 -83.171895 
8.810000 -82.597746 
8.820000 -82.020280 
8.830000 -81.439490 
8.840000 -80.855370 
8.850000 -80.267914 
8.860000 -79.677117 
8.870000 -79.082972 
8.880000 -78.485474 
8.890000 -77.884615 
8.900000 -77.280391 
8.910000 -76.672795 
8.920000 -76.061821 
8.930000 -75.447463 
8.940000 -74.829715 
8.950000 -74.208572 
8.960000 -73.584026 
8.970000 -72.956072 
8.980000 -72.324704 
8.990000 -71.689915 
9.000000 -71.051701 
9.010000 -70.410054 
9.020000 -69.764969 
9.030000 -69.116440 
9.040000 -68.464461 
9.050000 -67.809025 
9.060000 -67.150127 
9.070000 -66.487760 
9.080000 -65.821919 
9.090000 -65.152597 
9.100000 -64.479789 
9.110000 -63.803489 
9.120000 -63.123689 
9.130000 -62.440385 
9.140000 -61.753571 
9.150000 -61.063239 
9.160000 -60.369385 
9.170000 -59.672003 
9.180000 -58.971085 
9.190000 -58.266626 
9.200000 -57.558621 
9.210000 -56.847063 
9.220000 -56.131946 
9.230000 -55.413263 
9.240000 -54.691010 
9.250000 -53.965180 
9.260000 -53.235766 
9.270000 -52.502764 
9.280000 -51.766166 
9.290000 -51.025967 
9.300000 -50.282161 
9.310000 -49.534742 
9.320000 -48.783703 
9.330000 -48.029039 
9.340000 -47.270743 
9.350000 -46.508811 
9.360000 -45.743234 
9.370000 -44.974008 
9.380000 -44.201127 
9.390000 -43.424584 
9.400000 -42.644374 
9.410000 -41.860490 
9.420000 -41.072926 
9.430000 -40.281677 
9.440000 -39.486736 
9.450000 -38.688097 
9.460000 -37.885754 
9.470000 -37.079701 
9.480000 -36.269933 
9.490000 -35.456443 
9.500000 -34.639225 
9.510000 -33.818272 
9.520000 -32.993580 
9.530000 -32.165142 
9.540000 -31.332951 
9.550000 -30.497003 
9.560000 -29.657290 
9.570000 -28.813808 
9.580000 -27.966548 
9.590000 -27.115507 
9.600000 -26.260678 
9.610000 -25.402054 
9.620000 -24.539629 
9.630000 -23.673399 
9.640000 -22.803356 
9.650000 -21.929494 
9.660000 -21.051808 
9.670000 -20.170291 
9.680000 -19.284938 
9.690000 -18.395742 
9.700000 -17.502698 
9.710000 -16.605799 
9.720000 -15.705039 
9.730000 -14.800412 
9.740000 -13.891913 
9.750000 -12.979535 
9.760000 -12.063272 
9.770000 -11.143118 
9.780000 -10.219067 
9.790000 -9.291113 
9.800000 -8.359250 
9.810000 -7.423472 
9.820000 -6.483774 
9.830000 -5.540147 
9.840000 -4.592588 
9.850000 -3.641090 
9.860000 -2.685646 
9.870000 -1.726252 
9.880000 -0.762900 
9.890000 0.204416 
9.900000 1.175701 
9.910000 2.150961 
9.920000 3.130202 
9.930000 4.113431 
9.940000 5.100654 
9.950000 6.091876 
9.960000 7.087103 
9.970000 8.086342 
9.980000 9.089599 
9.990000 10.096880 
10.000000 11.108190 
